<?xml version="1.0" encoding="UTF-8"?>
<testng-results ignored="0" total="1" passed="1" failed="0" skipped="0">
  <reporter-output>
  </reporter-output>
  <suite started-at="2025-02-19T08:16:53 IST" name="Default suite" finished-at="2025-02-19T08:18:14 IST" duration-ms="80973">
    <groups>
    </groups>
    <test started-at="2025-02-19T08:16:53 IST" name="Default test" finished-at="2025-02-19T08:18:14 IST" duration-ms="80973">
      <class name="com.flipkart.runner.CardTestCase">
        <test-method is-config="true" signature="login()[pri:0, instance:com.flipkart.runner.CardTestCase@1a677343]" started-at="2025-02-19T08:16:53 IST" name="login" finished-at="2025-02-19T08:17:01 IST" duration-ms="7928" status="PASS">
          <reporter-output>
          </reporter-output>
        </test-method> <!-- login -->
        <test-method signature="Card()[pri:0, instance:com.flipkart.runner.CardTestCase@1a677343]" started-at="2025-02-19T08:17:01 IST" name="Card" finished-at="2025-02-19T08:18:14 IST" duration-ms="72774" status="PASS">
          <reporter-output>
          </reporter-output>
        </test-method> <!-- Card -->
        <test-method is-config="true" signature="close()[pri:0, instance:com.flipkart.runner.CardTestCase@1a677343]" started-at="2025-02-19T08:18:14 IST" name="close" finished-at="2025-02-19T08:18:14 IST" duration-ms="198" status="PASS">
          <reporter-output>
          </reporter-output>
        </test-method> <!-- close -->
      </class> <!-- com.flipkart.runner.CardTestCase -->
    </test> <!-- Default test -->
  </suite> <!-- Default suite -->
</testng-results>
